<?xml version="1.0" encoding="UTF-8"?>
<!-- Generated by org.testng.reporters.JUnitXMLReporter -->
<testsuite ignored="0" hostname="LAPTOP-4F571N9G" failures="0" tests="10" name="Testgrouping" time="0.224" errors="0" timestamp="2024-09-11T22:15:12 IST">
  <testcase classname="testngGrouping.TestngGrouping1" name="w11" time="0.027"/>
  <testcase classname="testngGrouping.TestngGrouping1" name="w12" time="0.005"/>
  <testcase classname="testngGrouping.TestngGrouping1" name="w13" time="0.009"/>
  <testcase classname="testngGrouping.TestngGrouping1" name="w14" time="0.013"/>
  <testcase classname="testngGrouping.TestngGrouping1" name="w15" time="0.009"/>
  <testcase classname="testngGrouping.TestngGrouping2" name="w16" time="0.005"/>
  <testcase classname="testngGrouping.TestngGrouping2" name="w17" time="0.003"/>
  <testcase classname="testngGrouping.TestngGrouping2" name="w18" time="0.002"/>
  <testcase classname="testngGrouping.TestngGrouping2" name="w19" time="0.002"/>
  <testcase classname="testngGrouping.TestngGrouping2" name="w20" time="0.003"/>
</testsuite> <!-- Testgrouping -->
