<?xml version="1.0" encoding="UTF-8"?>
<!-- Generated by org.testng.reporters.JUnitXMLReporter -->
<testsuite ignored="0" hostname="LAPTOP-4F571N9G" failures="1" tests="3" name="TestListener" time="0.109" errors="0" timestamp="2024-09-16T22:25:21 IST">
  <testcase classname="listeners.TSUITE" name="r11" time="0.019"/>
  <testcase classname="listeners.TSUITE" name="r12" time="0.006">
    <failure type="java.lang.AssertionError" message="null">
      <![CDATA[java.lang.AssertionError: null
at listeners.TSUITE.r12(TSUITE.java:15)
at java.base/java.util.ArrayList.forEach(ArrayList.java:1596)
... Removed 27 stack frames]]>
    </failure>
  </testcase> <!-- r12 -->
  <testcase classname="listeners.TSUITE" name="r13" time="0.003"/>
</testsuite> <!-- TestListener -->
