<?xml version="1.0" encoding="UTF-8"?>
<!-- Generated by org.testng.reporters.JUnitXMLReporter -->
<testsuite ignored="2" hostname="LAPTOP-4F571N9G" failures="0" tests="3" name="Testgrouping1" time="0.144" errors="0" timestamp="2024-09-11T22:02:07 IST">
  <testcase classname="testngGrouping.TestngGrouping1" name="w13" time="0.025"/>
  <testcase classname="testngGrouping.TestngGrouping1" name="w14" time="0.011"/>
  <testcase classname="testngGrouping.TestngGrouping1" name="w15" time="0.007"/>
  <testcase classname="testngGrouping.TestngGrouping1" name="w12" time="0.0">
    <ignored/>
  </testcase> <!-- w12 -->
  <testcase classname="testngGrouping.TestngGrouping1" name="w11" time="0.0">
    <ignored/>
  </testcase> <!-- w11 -->
</testsuite> <!-- Testgrouping1 -->
