<?xml version="1.0" encoding="UTF-8"?>
<testng-results ignored="0" total="1" passed="1" failed="0" skipped="0">
  <reporter-output>
  </reporter-output>
  <suite started-at="2024-10-05T17:12:50 IST" name="Default suite" finished-at="2024-10-05T17:13:00 IST" duration-ms="9631">
    <groups>
    </groups>
    <test started-at="2024-10-05T17:12:50 IST" name="Default test" finished-at="2024-10-05T17:13:00 IST" duration-ms="9631">
      <class name="api.Testing">
        <test-method signature="getuser()[pri:0, instance:api.Testing@158da8e]" started-at="2024-10-05T17:12:50 IST" name="getuser" finished-at="2024-10-05T17:13:00 IST" duration-ms="9540" status="PASS">
          <reporter-output>
          </reporter-output>
        </test-method> <!-- getuser -->
      </class> <!-- api.Testing -->
    </test> <!-- Default test -->
  </suite> <!-- Default suite -->
</testng-results>
