<?xml version="1.0" encoding="UTF-8"?>
<!-- Generated by org.testng.reporters.JUnitXMLReporter -->
<testsuite ignored="0" hostname="LAPTOP-4F571N9G" failures="0" tests="6" name="Test02" time="0.128" errors="0" timestamp="2024-09-09T23:33:02 IST">
  <testcase classname="testNG01.Keywords2" name="r4" time="0.021"/>
  <testcase classname="testNG01.Keywords2" name="r5" time="0.002"/>
  <testcase classname="testNG01.Keywords2" name="r6" time="0.002"/>
  <testcase classname="testNG01.Keywords1" name="r1" time="0.002"/>
  <testcase classname="testNG01.Keywords1" name="r2" time="0.003"/>
  <testcase classname="testNG01.Keywords1" name="r3" time="0.009"/>
</testsuite> <!-- Test02 -->
